app/build/intermediates/manifest_merge_blame_file/debug/manifest-merger-blame-debug-report.txt
1<?xml version="1.0" encoding="utf-8"?>
2<manifest xmlns:android="http://schemas.android.com/apk/res/android"
3    package="com.hitouch.wikibook"
4    android:versionCode="1"
5    android:versionName="1.00" >
6
7    <uses-sdk
7-->src\main\AndroidManifest.xml:9:5-10:41
8        android:minSdkVersion="10"
8-->src\main\AndroidManifest.xml:9:5-10:41
9        android:targetSdkVersion="26" />
9-->src\main\AndroidManifest.xml:10:9-38
10
11    <uses-permission android:name="android.permission.INTERNET" />
11-->src\main\AndroidManifest.xml:7:5-66
11-->src\main\AndroidManifest.xml:7:22-64
12
13    <application
13-->src\main\AndroidManifest.xml:12:5-27:19
14        android:allowBackup="true"
14-->src\main\AndroidManifest.xml:13:9-35
15        android:debuggable="true"
16        android:icon="@drawable/ic_launcher"
16-->src\main\AndroidManifest.xml:14:9-45
17        android:label="@string/app_name"
17-->src\main\AndroidManifest.xml:15:9-41
18        android:testOnly="true"
19        android:theme="@style/AppTheme" >
19-->src\main\AndroidManifest.xml:16:9-40
20        <activity
20-->src\main\AndroidManifest.xml:17:9-26:20
21            android:name="com.hitouch.wikibook.BrowserActivity"
21-->src\main\AndroidManifest.xml:19:13-64
22            android:label="@string/app_name"
22-->src\main\AndroidManifest.xml:20:13-45
23            android:screenOrientation="portrait" >
23-->src\main\AndroidManifest.xml:18:13-49
24            <intent-filter>
24-->src\main\AndroidManifest.xml:21:13-25:29
25                <action android:name="android.intent.action.MAIN" />
25-->src\main\AndroidManifest.xml:22:17-69
25-->src\main\AndroidManifest.xml:22:25-66
26
27                <category android:name="android.intent.category.LAUNCHER" />
27-->src\main\AndroidManifest.xml:24:17-77
27-->src\main\AndroidManifest.xml:24:27-74
28            </intent-filter>
29        </activity>
30    </application>
31
32</manifest>